Sudokuv0/app/build/outputs/apk/manifest-merger-debug-report.txt
-- Merging decision tree log ---
manifest
ADDED from AndroidManifest.xml:10:1
	package
		ADDED from AndroidManifest.xml:11:7
		INJECTED from AndroidManifest.xml:0:0
		INJECTED from AndroidManifest.xml:0:0
	android:versionName
		ADDED from AndroidManifest.xml:13:7
	android:versionCode
		ADDED from AndroidManifest.xml:12:7
		INJECTED from AndroidManifest.xml:0:0
		INJECTED from AndroidManifest.xml:0:0
	xmlns:android
		ADDED from AndroidManifest.xml:10:11
uses-sdk
ADDED from AndroidManifest.xml:14:5
	android:targetSdkVersion
		ADDED from AndroidManifest.xml:14:41
		INJECTED from AndroidManifest.xml:0:0
		INJECTED from AndroidManifest.xml:0:0
	android:minSdkVersion
		ADDED from AndroidManifest.xml:14:15
		INJECTED from AndroidManifest.xml:0:0
		INJECTED from AndroidManifest.xml:0:0
application
ADDED from AndroidManifest.xml:15:5
	android:label
		ADDED from AndroidManifest.xml:16:11
	android:icon
		ADDED from AndroidManifest.xml:15:18
activity#org.example.sudoku.Sudoku
ADDED from AndroidManifest.xml:17:9
	android:label
		ADDED from AndroidManifest.xml:18:15
	android:name
		ADDED from AndroidManifest.xml:17:19
intent-filter#android.intent.action.MAIN+android.intent.category.LAUNCHER
ADDED from AndroidManifest.xml:19:13
action#android.intent.action.MAIN
ADDED from AndroidManifest.xml:20:17
	android:name
		ADDED from AndroidManifest.xml:20:25
category#android.intent.category.LAUNCHER
ADDED from AndroidManifest.xml:21:17
	android:name
		ADDED from AndroidManifest.xml:21:27
activity#org.example.sudoku.About
ADDED from AndroidManifest.xml:24:9
	android:label
		ADDED from AndroidManifest.xml:25:13
	android:theme
		ADDED from AndroidManifest.xml:26:13
	android:name
		ADDED from AndroidManifest.xml:24:19
activity#org.example.sudoku.Prefs
ADDED from AndroidManifest.xml:29:9
	android:label
		ADDED from AndroidManifest.xml:30:13
	android:name
		ADDED from AndroidManifest.xml:29:19
activity#org.example.sudoku.Game
ADDED from AndroidManifest.xml:33:9
	android:label
		ADDED from AndroidManifest.xml:34:13
	android:name
		ADDED from AndroidManifest.xml:33:19